<?xml version="1.0" encoding="UTF-8"?>
<!-- Generated by org.testng.reporters.JUnitReportReporter -->
<testsuite hostname="manojkumar-PC" name="testcases.TC_4" tests="1" failures="0" timestamp="15 Dec 2020 05:34:17 GMT" time="17.691" errors="0">
  <testcase name="testcase1" time="17.691" classname="testcases.TC_4"/>
</testsuite> <!-- testcases.TC_4 -->
