<?xml version="1.0" encoding="UTF-8"?>
<!-- Generated by org.testng.reporters.JUnitReportReporter -->
<testsuite hostname="manojkumar-PC" name="testcases.TC_5" tests="1" failures="0" timestamp="16 Dec 2020 04:37:46 GMT" time="28.335" errors="0">
  <testcase name="testcase1" time="28.335" classname="testcases.TC_5"/>
</testsuite> <!-- testcases.TC_5 -->
