<?xml version="1.0" encoding="UTF-8"?>
<!-- Generated by org.testng.reporters.JUnitReportReporter -->
<testsuite hostname="manojkumar-PC" name="testcases.TC_2" tests="1" failures="0" timestamp="15 Dec 2020 05:34:17 GMT" time="15.146" errors="0">
  <testcase name="testcase1" time="15.146" classname="testcases.TC_2"/>
</testsuite> <!-- testcases.TC_2 -->
