<?xml version="1.0" encoding="UTF-8"?>
<!-- Generated by org.testng.reporters.JUnitReportReporter -->
<testsuite hostname="manojkumar-PC" name="testcases.TC_1" tests="1" failures="0" timestamp="15 Dec 2020 05:34:17 GMT" time="14.489" errors="0">
  <testcase name="testcase1" time="14.489" classname="testcases.TC_1"/>
</testsuite> <!-- testcases.TC_1 -->
