<?xml version="1.0" encoding="UTF-8"?>
<!-- Generated by org.testng.reporters.JUnitReportReporter -->
<testsuite hostname="manojkumar-PC" name="testcases.TC_4" tests="1" failures="0" timestamp="16 Dec 2020 04:37:46 GMT" time="91.295" errors="0">
  <testcase name="testcase1" time="91.295" classname="testcases.TC_4"/>
</testsuite> <!-- testcases.TC_4 -->
